Vivado Simulator 2018.3
Copyright 1986-1999, 2001-2018 Xilinx, Inc. All Rights Reserved.
Running: C:/Xilinx/Vivado/2018.3/bin/unwrapped/win64.o/xelab.exe -wto eb4dedd60fdc439d85234fbd8b56012f --incr --debug typical --relax --mt 2 -L blk_mem_gen_v8_4_2 -L xil_defaultlib -L fifo_generator_v13_2_3 -L unisims_ver -L unimacro_ver -L secureip -L xpm --snapshot tb_conv_behav xil_defaultlib.tb_conv xil_defaultlib.glbl -log elaborate.log 
Using 2 slave threads.
Starting static elaboration
WARNING: [VRFC 10-3091] actual bit length 24 differs from formal bit length 32 for port 'dina' [C:/Users/nuha/Desktop/ece532_project/integration/verilog/maxpool.v:118]
WARNING: [VRFC 10-3091] actual bit length 24 differs from formal bit length 32 for port 'doutb' [C:/Users/nuha/Desktop/ece532_project/integration/verilog/maxpool.v:122]
WARNING: [VRFC 10-3091] actual bit length 32 differs from formal bit length 16 for port 'data_in' [C:/Users/nuha/Desktop/ece532_project/integration/verilog/Mini_LeNet.v:243]
WARNING: [VRFC 10-3091] actual bit length 320 differs from formal bit length 96 for port 'data_out' [C:/Users/nuha/Desktop/ece532_project/integration/verilog/Mini_LeNet.v:246]
WARNING: [VRFC 10-3091] actual bit length 320 differs from formal bit length 96 for port 'data_in' [C:/Users/nuha/Desktop/ece532_project/integration/verilog/Mini_LeNet.v:265]
Completed static elaboration
Starting simulation data flow analysis
Completed simulation data flow analysis
Time Resolution for simulation is 1ps
Compiling module blk_mem_gen_v8_4_2.blk_mem_gen_v8_4_2_output_stage(...
Compiling module blk_mem_gen_v8_4_2.blk_mem_gen_v8_4_2_softecc_outpu...
Compiling module blk_mem_gen_v8_4_2.blk_mem_gen_v8_4_2_mem_module(C_...
Compiling module blk_mem_gen_v8_4_2.blk_mem_gen_v8_4_2(C_FAMILY="art...
Compiling module xil_defaultlib.ram_data_in
Compiling module blk_mem_gen_v8_4_2.blk_mem_gen_v8_4_2_output_stage(...
Compiling module blk_mem_gen_v8_4_2.blk_mem_gen_v8_4_2_softecc_outpu...
Compiling module blk_mem_gen_v8_4_2.blk_mem_gen_v8_4_2_mem_module(C_...
Compiling module blk_mem_gen_v8_4_2.blk_mem_gen_v8_4_2(C_FAMILY="art...
Compiling module xil_defaultlib.linebuffer
Compiling module xil_defaultlib.conv1
Compiling module blk_mem_gen_v8_4_2.blk_mem_gen_v8_4_2_output_stage(...
Compiling module blk_mem_gen_v8_4_2.blk_mem_gen_v8_4_2_softecc_outpu...
Compiling module blk_mem_gen_v8_4_2.blk_mem_gen_v8_4_2_mem_module(C_...
Compiling module blk_mem_gen_v8_4_2.blk_mem_gen_v8_4_2(C_FAMILY="art...
Compiling module xil_defaultlib.maxpool_linebuffer
Compiling module xil_defaultlib.maxpool_default
Compiling module fifo_generator_v13_2_3.fifo_generator_v13_2_3_bhv_ver_s...
Compiling module fifo_generator_v13_2_3.fifo_generator_v13_2_3_CONV_VER(...
Compiling module fifo_generator_v13_2_3.fifo_generator_vlog_beh(C_COMMON...
Compiling module fifo_generator_v13_2_3.fifo_generator_v13_2_3(C_COMMON_...
Compiling module xil_defaultlib.fifo_data_buffer
Compiling module blk_mem_gen_v8_4_2.blk_mem_gen_v8_4_2_output_stage(...
Compiling module blk_mem_gen_v8_4_2.blk_mem_gen_v8_4_2_softecc_outpu...
Compiling module blk_mem_gen_v8_4_2.blk_mem_gen_v8_4_2_mem_module(C_...
Compiling module blk_mem_gen_v8_4_2.blk_mem_gen_v8_4_2(C_FAMILY="art...
Compiling module xil_defaultlib.conv2_linebuffer
Compiling module xil_defaultlib.conv2_single(INPUT_DATA_WIDTH=24...
Compiling module fifo_generator_v13_2_3.fifo_generator_v13_2_3_bhv_ver_s...
Compiling module fifo_generator_v13_2_3.fifo_generator_v13_2_3_CONV_VER(...
Compiling module fifo_generator_v13_2_3.fifo_generator_vlog_beh(C_COMMON...
Compiling module fifo_generator_v13_2_3.fifo_generator_v13_2_3(C_COMMON_...
Compiling module xil_defaultlib.fifo_conv2_result
Compiling module xil_defaultlib.conv2
Compiling module xil_defaultlib.maxpool(DATA_WIDTH=32,DISP_WIDTH...
Compiling module fifo_generator_v13_2_3.fifo_generator_v13_2_3_bhv_ver_s...
Compiling module fifo_generator_v13_2_3.fifo_generator_v13_2_3_CONV_VER(...
Compiling module fifo_generator_v13_2_3.fifo_generator_vlog_beh(C_COMMON...
Compiling module fifo_generator_v13_2_3.fifo_generator_v13_2_3(C_COMMON_...
Compiling module xil_defaultlib.fifo_reshape
Compiling module xil_defaultlib.reshape
Compiling module blk_mem_gen_v8_4_2.blk_mem_gen_v8_4_2_output_stage(...
Compiling module blk_mem_gen_v8_4_2.blk_mem_gen_v8_4_2_output_stage(...
Compiling module blk_mem_gen_v8_4_2.blk_mem_gen_v8_4_2_softecc_outpu...
Compiling module blk_mem_gen_v8_4_2.blk_mem_gen_v8_4_2_mem_module(C_...
Compiling module blk_mem_gen_v8_4_2.blk_mem_gen_v8_4_2(C_FAMILY="art...
Compiling module xil_defaultlib.weights
Compiling module xil_defaultlib.linear
Compiling module xil_defaultlib.predict_index
Compiling module xil_defaultlib.Mini_LeNet
Compiling module xil_defaultlib.tb_conv
WARNING: [XSIM 43-3373] "C:/Users/nuha/Downloads/tb_conv.v" Line 56. System function $fscanf is used as system task. This system function should have a LHS e.g. x=$fscanf().
Compiling module xil_defaultlib.glbl
Built simulation snapshot tb_conv_behav
