Vivado Simulator 2018.3
Time resolution is 1 ps
Block Memory Generator module tb_conv.Mini_LeNet.ram_data_in_inst0.inst.native_mem_module.blk_mem_gen_v8_4_2_inst is using a behavioral model for simulation which will not precisely model memory collision behavior.
Block Memory Generator module tb_conv.Mini_LeNet.conv1.linebuffer_gaussian_layer2_inst0.inst.native_mem_module.blk_mem_gen_v8_4_2_inst is using a behavioral model for simulation which will not precisely model memory collision behavior.
Block Memory Generator module tb_conv.Mini_LeNet.conv1.linebuffer_gaussian_layer2_inst1.inst.native_mem_module.blk_mem_gen_v8_4_2_inst is using a behavioral model for simulation which will not precisely model memory collision behavior.
Block Memory Generator module tb_conv.Mini_LeNet.maxpool1.genblk2[0].maxpool_linebuffer_inst0.inst.native_mem_module.blk_mem_gen_v8_4_2_inst is using a behavioral model for simulation which will not precisely model memory collision behavior.
Block Memory Generator module tb_conv.Mini_LeNet.maxpool1.genblk2[1].maxpool_linebuffer_inst0.inst.native_mem_module.blk_mem_gen_v8_4_2_inst is using a behavioral model for simulation which will not precisely model memory collision behavior.
Block Memory Generator module tb_conv.Mini_LeNet.maxpool1.genblk2[2].maxpool_linebuffer_inst0.inst.native_mem_module.blk_mem_gen_v8_4_2_inst is using a behavioral model for simulation which will not precisely model memory collision behavior.
Block Memory Generator module tb_conv.Mini_LeNet.conv2.conv2_single_inst0.conv2_linebuffer_inst0.inst.native_mem_module.blk_mem_gen_v8_4_2_inst is using a behavioral model for simulation which will not precisely model memory collision behavior.
Block Memory Generator module tb_conv.Mini_LeNet.conv2.conv2_single_inst0.conv2_linebuffer_inst1.inst.native_mem_module.blk_mem_gen_v8_4_2_inst is using a behavioral model for simulation which will not precisely model memory collision behavior.
Block Memory Generator module tb_conv.Mini_LeNet.maxpool2.genblk2[0].maxpool_linebuffer_inst0.inst.native_mem_module.blk_mem_gen_v8_4_2_inst is using a behavioral model for simulation which will not precisely model memory collision behavior.
Block Memory Generator module tb_conv.Mini_LeNet.maxpool2.genblk2[1].maxpool_linebuffer_inst0.inst.native_mem_module.blk_mem_gen_v8_4_2_inst is using a behavioral model for simulation which will not precisely model memory collision behavior.
Block Memory Generator module tb_conv.Mini_LeNet.maxpool2.genblk2[2].maxpool_linebuffer_inst0.inst.native_mem_module.blk_mem_gen_v8_4_2_inst is using a behavioral model for simulation which will not precisely model memory collision behavior.
 Block Memory Generator module loading initial data...
 Block Memory Generator data initialization complete.
Block Memory Generator module tb_conv.Mini_LeNet.linear.weights_inst0.inst.native_mem_module.blk_mem_gen_v8_4_2_inst is using a behavioral model for simulation which will not precisely model memory collision behavior.
blk_mem_gen_v8_4_2 collision detected at time: 230000, Instance: tb_conv.Mini_LeNet.ram_data_in_inst0.inst.native_mem_module.blk_mem_gen_v8_4_2_inst, A write address: 0, B  read address: 0
blk_mem_gen_v8_4_2 collision detected at time: 470000, Instance: tb_conv.Mini_LeNet.conv1.linebuffer_gaussian_layer2_inst0.inst.native_mem_module.blk_mem_gen_v8_4_2_inst, A write address: 0, B  read address: 0
blk_mem_gen_v8_4_2 collision detected at time: 470000, Instance: tb_conv.Mini_LeNet.conv1.linebuffer_gaussian_layer2_inst1.inst.native_mem_module.blk_mem_gen_v8_4_2_inst, A write address: 0, B  read address: 0
Block Memory Generator module tb_conv.Mini_LeNet.ram_data_in_inst0.inst.native_mem_module.blk_mem_gen_v8_4_2_inst is using a behavioral model for simulation which will not precisely model memory collision behavior.
Block Memory Generator module tb_conv.Mini_LeNet.conv1.linebuffer_gaussian_layer2_inst0.inst.native_mem_module.blk_mem_gen_v8_4_2_inst is using a behavioral model for simulation which will not precisely model memory collision behavior.
Block Memory Generator module tb_conv.Mini_LeNet.conv1.linebuffer_gaussian_layer2_inst1.inst.native_mem_module.blk_mem_gen_v8_4_2_inst is using a behavioral model for simulation which will not precisely model memory collision behavior.
Block Memory Generator module tb_conv.Mini_LeNet.maxpool1.genblk2[0].maxpool_linebuffer_inst0.inst.native_mem_module.blk_mem_gen_v8_4_2_inst is using a behavioral model for simulation which will not precisely model memory collision behavior.
Block Memory Generator module tb_conv.Mini_LeNet.maxpool1.genblk2[1].maxpool_linebuffer_inst0.inst.native_mem_module.blk_mem_gen_v8_4_2_inst is using a behavioral model for simulation which will not precisely model memory collision behavior.
Block Memory Generator module tb_conv.Mini_LeNet.maxpool1.genblk2[2].maxpool_linebuffer_inst0.inst.native_mem_module.blk_mem_gen_v8_4_2_inst is using a behavioral model for simulation which will not precisely model memory collision behavior.
Block Memory Generator module tb_conv.Mini_LeNet.conv2.conv2_single_inst0.conv2_linebuffer_inst0.inst.native_mem_module.blk_mem_gen_v8_4_2_inst is using a behavioral model for simulation which will not precisely model memory collision behavior.
Block Memory Generator module tb_conv.Mini_LeNet.conv2.conv2_single_inst0.conv2_linebuffer_inst1.inst.native_mem_module.blk_mem_gen_v8_4_2_inst is using a behavioral model for simulation which will not precisely model memory collision behavior.
Block Memory Generator module tb_conv.Mini_LeNet.maxpool2.genblk2[0].maxpool_linebuffer_inst0.inst.native_mem_module.blk_mem_gen_v8_4_2_inst is using a behavioral model for simulation which will not precisely model memory collision behavior.
Block Memory Generator module tb_conv.Mini_LeNet.maxpool2.genblk2[1].maxpool_linebuffer_inst0.inst.native_mem_module.blk_mem_gen_v8_4_2_inst is using a behavioral model for simulation which will not precisely model memory collision behavior.
Block Memory Generator module tb_conv.Mini_LeNet.maxpool2.genblk2[2].maxpool_linebuffer_inst0.inst.native_mem_module.blk_mem_gen_v8_4_2_inst is using a behavioral model for simulation which will not precisely model memory collision behavior.
 Block Memory Generator module loading initial data...
 Block Memory Generator data initialization complete.
Block Memory Generator module tb_conv.Mini_LeNet.linear.weights_inst0.inst.native_mem_module.blk_mem_gen_v8_4_2_inst is using a behavioral model for simulation which will not precisely model memory collision behavior.
blk_mem_gen_v8_4_2 collision detected at time: 230000, Instance: tb_conv.Mini_LeNet.ram_data_in_inst0.inst.native_mem_module.blk_mem_gen_v8_4_2_inst, A write address: 0, B  read address: 0
blk_mem_gen_v8_4_2 collision detected at time: 470000, Instance: tb_conv.Mini_LeNet.conv1.linebuffer_gaussian_layer2_inst0.inst.native_mem_module.blk_mem_gen_v8_4_2_inst, A write address: 0, B  read address: 0
blk_mem_gen_v8_4_2 collision detected at time: 470000, Instance: tb_conv.Mini_LeNet.conv1.linebuffer_gaussian_layer2_inst1.inst.native_mem_module.blk_mem_gen_v8_4_2_inst, A write address: 0, B  read address: 0
blk_mem_gen_v8_4_2 collision detected at time: 16250000, Instance: tb_conv.Mini_LeNet.conv2.conv2_single_inst0.conv2_linebuffer_inst0.inst.native_mem_module.blk_mem_gen_v8_4_2_inst, A write address: 0, B  read address: 0
blk_mem_gen_v8_4_2 collision detected at time: 16250000, Instance: tb_conv.Mini_LeNet.conv2.conv2_single_inst0.conv2_linebuffer_inst1.inst.native_mem_module.blk_mem_gen_v8_4_2_inst, A write address: 0, B  read address: 0
Block Memory Generator module tb_conv.Mini_LeNet.ram_data_in_inst0.inst.native_mem_module.blk_mem_gen_v8_4_2_inst is using a behavioral model for simulation which will not precisely model memory collision behavior.
Block Memory Generator module tb_conv.Mini_LeNet.conv1.linebuffer_gaussian_layer2_inst0.inst.native_mem_module.blk_mem_gen_v8_4_2_inst is using a behavioral model for simulation which will not precisely model memory collision behavior.
Block Memory Generator module tb_conv.Mini_LeNet.conv1.linebuffer_gaussian_layer2_inst1.inst.native_mem_module.blk_mem_gen_v8_4_2_inst is using a behavioral model for simulation which will not precisely model memory collision behavior.
Block Memory Generator module tb_conv.Mini_LeNet.maxpool1.genblk2[0].maxpool_linebuffer_inst0.inst.native_mem_module.blk_mem_gen_v8_4_2_inst is using a behavioral model for simulation which will not precisely model memory collision behavior.
Block Memory Generator module tb_conv.Mini_LeNet.maxpool1.genblk2[1].maxpool_linebuffer_inst0.inst.native_mem_module.blk_mem_gen_v8_4_2_inst is using a behavioral model for simulation which will not precisely model memory collision behavior.
Block Memory Generator module tb_conv.Mini_LeNet.maxpool1.genblk2[2].maxpool_linebuffer_inst0.inst.native_mem_module.blk_mem_gen_v8_4_2_inst is using a behavioral model for simulation which will not precisely model memory collision behavior.
Block Memory Generator module tb_conv.Mini_LeNet.conv2.conv2_single_inst0.conv2_linebuffer_inst0.inst.native_mem_module.blk_mem_gen_v8_4_2_inst is using a behavioral model for simulation which will not precisely model memory collision behavior.
Block Memory Generator module tb_conv.Mini_LeNet.conv2.conv2_single_inst0.conv2_linebuffer_inst1.inst.native_mem_module.blk_mem_gen_v8_4_2_inst is using a behavioral model for simulation which will not precisely model memory collision behavior.
Block Memory Generator module tb_conv.Mini_LeNet.maxpool2.genblk2[0].maxpool_linebuffer_inst0.inst.native_mem_module.blk_mem_gen_v8_4_2_inst is using a behavioral model for simulation which will not precisely model memory collision behavior.
Block Memory Generator module tb_conv.Mini_LeNet.maxpool2.genblk2[1].maxpool_linebuffer_inst0.inst.native_mem_module.blk_mem_gen_v8_4_2_inst is using a behavioral model for simulation which will not precisely model memory collision behavior.
Block Memory Generator module tb_conv.Mini_LeNet.maxpool2.genblk2[2].maxpool_linebuffer_inst0.inst.native_mem_module.blk_mem_gen_v8_4_2_inst is using a behavioral model for simulation which will not precisely model memory collision behavior.
 Block Memory Generator module loading initial data...
 Block Memory Generator data initialization complete.
Block Memory Generator module tb_conv.Mini_LeNet.linear.weights_inst0.inst.native_mem_module.blk_mem_gen_v8_4_2_inst is using a behavioral model for simulation which will not precisely model memory collision behavior.
blk_mem_gen_v8_4_2 collision detected at time: 230000, Instance: tb_conv.Mini_LeNet.ram_data_in_inst0.inst.native_mem_module.blk_mem_gen_v8_4_2_inst, A write address: 0, B  read address: 0
blk_mem_gen_v8_4_2 collision detected at time: 470000, Instance: tb_conv.Mini_LeNet.conv1.linebuffer_gaussian_layer2_inst0.inst.native_mem_module.blk_mem_gen_v8_4_2_inst, A write address: 0, B  read address: 0
blk_mem_gen_v8_4_2 collision detected at time: 470000, Instance: tb_conv.Mini_LeNet.conv1.linebuffer_gaussian_layer2_inst1.inst.native_mem_module.blk_mem_gen_v8_4_2_inst, A write address: 0, B  read address: 0
blk_mem_gen_v8_4_2 collision detected at time: 16250000, Instance: tb_conv.Mini_LeNet.conv2.conv2_single_inst0.conv2_linebuffer_inst0.inst.native_mem_module.blk_mem_gen_v8_4_2_inst, A write address: 0, B  read address: 0
blk_mem_gen_v8_4_2 collision detected at time: 16250000, Instance: tb_conv.Mini_LeNet.conv2.conv2_single_inst0.conv2_linebuffer_inst1.inst.native_mem_module.blk_mem_gen_v8_4_2_inst, A write address: 0, B  read address: 0
Block Memory Generator module tb_conv.Mini_LeNet.ram_data_in_inst0.inst.native_mem_module.blk_mem_gen_v8_4_2_inst is using a behavioral model for simulation which will not precisely model memory collision behavior.
Block Memory Generator module tb_conv.Mini_LeNet.conv1.linebuffer_gaussian_layer2_inst0.inst.native_mem_module.blk_mem_gen_v8_4_2_inst is using a behavioral model for simulation which will not precisely model memory collision behavior.
Block Memory Generator module tb_conv.Mini_LeNet.conv1.linebuffer_gaussian_layer2_inst1.inst.native_mem_module.blk_mem_gen_v8_4_2_inst is using a behavioral model for simulation which will not precisely model m