#-----------------------------------------------------------
# Vivado v2018.3 (64-bit)
# SW Build 2405991 on Thu Dec  6 23:38:27 MST 2018
# IP Build 2404404 on Fri Dec  7 01:43:56 MST 2018
# Start of session at: Fri Apr 12 18:50:40 2024
# Process ID: 2408
# Current directory: C:/Users/yycti/OneDrive/Documents/GitHub/camera_system-master/proj
# Command line: vivado.exe -gui_launcher_event rodinguilauncherevent11368 C:\Users\yycti\OneDrive\Documents\GitHub\camera_system-master\proj\camera_system.xpr
# Log file: C:/Users/yycti/OneDrive/Documents/GitHub/camera_system-master/proj/vivado.log
# Journal file: C:/Users/yycti/OneDrive/Documents/GitHub/camera_system-master/proj\vivado.jou
#-----------------------------------------------------------
start_gui
open_project C:/Users/yycti/OneDrive/Documents/GitHub/camera_system-master/proj/camera_system.xpr
INFO: [Project 1-313] Project file moved from 'C:/Users/yycti/Downloads/ECE532_proj_files/camera-system-top/camera_system-master/proj' since last save.
WARNING: [Project 1-312] File not found as 'C:/Users/yycti/OneDrive/Documents/GitHub/camera_system-master/src/hdl/video_stream/axi2bram.v'; using path 'C:/Users/yycti/Downloads/ECE532_proj_files/camera-system-top/camera_system-master/src/hdl/video_stream/axi2bram.v' instead.
WARNING: [Project 1-312] File not found as 'C:/Users/yycti/OneDrive/Documents/GitHub/camera_system-master/src/hdl/debounce/debounce_inputs.v'; using path 'C:/Users/yycti/Downloads/ECE532_proj_files/camera-system-top/camera_system-master/src/hdl/debounce/debounce_inputs.v' instead.
WARNING: [Project 1-312] File not found as 'C:/Users/yycti/OneDrive/Documents/GitHub/camera_system-master/src/hdl/debounce/debouncer.v'; using path 'C:/Users/yycti/Downloads/ECE532_proj_files/camera-system-top/camera_system-master/src/hdl/debounce/debouncer.v' instead.
WARNING: [Project 1-312] File not found as 'C:/Users/yycti/OneDrive/Documents/GitHub/camera_system-master/src/hdl/dividers/divider_2.v'; using path 'C:/Users/yycti/Downloads/ECE532_proj_files/camera-system-top/camera_system-master/src/hdl/dividers/divider_2.v' instead.
WARNING: [Project 1-312] File not found as 'C:/Users/yycti/OneDrive/Documents/GitHub/camera_system-master/src/hdl/dividers/divider_4.v'; using path 'C:/Users/yycti/Downloads/ECE532_proj_files/camera-system-top/camera_system-master/src/hdl/dividers/divider_4.v' instead.
WARNING: [Project 1-312] File not found as 'C:/Users/yycti/OneDrive/Documents/GitHub/camera_system-master/src/hdl/video_stream/frame_read.v'; using path 'C:/Users/yycti/Downloads/ECE532_proj_files/camera-system-top/camera_system-master/src/hdl/video_stream/frame_read.v' instead.
WARNING: [Project 1-312] File not found as 'C:/Users/yycti/OneDrive/Documents/GitHub/camera_system-master/src/hdl/hdmi/hdmi_ctrl.v'; using path 'C:/Users/yycti/Downloads/ECE532_proj_files/camera-system-top/camera_system-master/src/hdl/hdmi/hdmi_ctrl.v' instead.
WARNING: [Project 1-312] File not found as 'C:/Users/yycti/OneDrive/Documents/GitHub/camera_system-master/src/hdl/hdmi/hdmi_out.v'; using path 'C:/Users/yycti/Downloads/ECE532_proj_files/camera-system-top/camera_system-master/src/hdl/hdmi/hdmi_out.v' instead.
WARNING: [Project 1-312] File not found as 'C:/Users/yycti/OneDrive/Documents/GitHub/camera_system-master/src/hdl/hls_generated/img_filter.v'; using path 'C:/Users/yycti/Downloads/ECE532_proj_files/camera-system-top/camera_system-master/src/hdl/hls_generated/img_filter.v' instead.
WARNING: [Project 1-312] File not found as 'C:/Users/yycti/OneDrive/Documents/GitHub/camera_system-master/src/hdl/hls_generated/img_filter_am_addhbi.v'; using path 'C:/Users/yycti/Downloads/ECE532_proj_files/camera-system-top/camera_system-master/src/hdl/hls_generated/img_filter_am_addhbi.v' instead.
WARNING: [Project 1-312] File not found as 'C:/Users/yycti/OneDrive/Documents/GitHub/camera_system-master/src/hdl/hls_generated/img_filter_lineBubkb.v'; using path 'C:/Users/yycti/Downloads/ECE532_proj_files/camera-system-top/camera_system-master/src/hdl/hls_generated/img_filter_lineBubkb.v' instead.
WARNING: [Project 1-312] File not found as 'C:/Users/yycti/OneDrive/Documents/GitHub/camera_system-master/src/hdl/hls_generated/img_filter_lineBucud.v'; using path 'C:/Users/yycti/Downloads/ECE532_proj_files/camera-system-top/camera_system-master/src/hdl/hls_generated/img_filter_lineBucud.v' instead.
WARNING: [Project 1-312] File not found as 'C:/Users/yycti/OneDrive/Documents/GitHub/camera_system-master/src/hdl/hls_generated/img_filter_mac_muibs.v'; using path 'C:/Users/yycti/Downloads/ECE532_proj_files/camera-system-top/camera_system-master/src/hdl/hls_generated/img_filter_mac_muibs.v' instead.
WARNING: [Project 1-312] File not found as 'C:/Users/yycti/OneDrive/Documents/GitHub/camera_system-master/src/hdl/hls_generated/img_filter_mac_mujbC.v'; using path 'C:/Users/yycti/Downloads/ECE532_proj_files/camera-system-top/camera_system-master/src/hdl/hls_generated/img_filter_mac_mujbC.v' instead.
WARNING: [Project 1-312] File not found as 'C:/Users/yycti/OneDrive/Documents/GitHub/camera_system-master/src/hdl/hls_generated/img_filter_mac_mukbM.v'; using path 'C:/Users/yycti/Downloads/ECE532_proj_files/camera-system-top/camera_system-master/src/hdl/hls_generated/img_filter_mac_mukbM.v' instead.
WARNING: [Project 1-312] File not found as 'C:/Users/yycti/OneDrive/Documents/GitHub/camera_system-master/src/hdl/hls_generated/img_filter_mul_42g8j.v'; using path 'C:/Users/yycti/Downloads/ECE532_proj_files/camera-system-top/camera_system-master/src/hdl/hls_generated/img_filter_mul_42g8j.v' instead.
WARNING: [Project 1-312] File not found as 'C:/Users/yycti/OneDrive/Documents/GitHub/camera_system-master/src/hdl/hls_generated/img_filter_mul_66fYi.v'; using path 'C:/Users/yycti/Downloads/ECE532_proj_files/camera-system-top/camera_system-master/src/hdl/hls_generated/img_filter_mul_66fYi.v' instead.
WARNING: [Project 1-312] File not found as 'C:/Users/yycti/OneDrive/Documents/GitHub/camera_system-master/src/hdl/hls_generated/img_filter_mux_83eOg.v'; using path 'C:/Users/yycti/Downloads/ECE532_proj_files/camera-system-top/camera_system-master/src/hdl/hls_generated/img_filter_mux_83eOg.v' instead.
WARNING: [Project 1-312] File not found as 'C:/Users/yycti/OneDrive/Documents/GitHub/camera_system-master/src/hdl/uart/master_axi.v'; using path 'C:/Users/yycti/Downloads/ECE532_proj_files/camera-system-top/camera_system-master/src/hdl/uart/master_axi.v' instead.
WARNING: [Project 1-312] File not found as 'C:/Users/yycti/OneDrive/Documents/GitHub/camera_system-master/src/hdl/video_stream/ov7670_init_regs.v'; using path 'C:/Users/yycti/Downloads/ECE532_proj_files/camera-system-top/camera_system-master/src/hdl/video_stream/ov7670_init_regs.v' instead.
WARNING: [Project 1-312] File not found as 'C:/Users/yycti/OneDrive/Documents/GitHub/camera_system-master/src/hdl/sccb/ov7670_read.v'; using path 'C:/Users/yycti/Downloads/ECE532_proj_files/camera-system-top/camera_system-master/src/hdl/sccb/ov7670_read.v' instead.
WARNING: [Project 1-312] File not found as 'C:/Users/yycti/OneDrive/Documents/GitHub/camera_system-master/src/hdl/video_stream/processing.v'; using path 'C:/Users/yycti/Downloads/ECE532_proj_files/camera-system-top/camera_system-master/src/hdl/video_stream/processing.v' instead.
WARNING: [Project 1-312] File not found as 'C:/Users/yycti/OneDrive/Documents/GitHub/camera_system-master/src/hdl/sccb/sccb_ctrl.v'; using path 'C:/Users/yycti/Downloads/ECE532_proj_files/camera-system-top/camera_system-master/src/hdl/sccb/sccb_ctrl.v' instead.
WARNING: [Project 1-312] File not found as 'C:/Users/yycti/OneDrive/Documents/GitHub/camera_system-master/src/hdl/sccb/sccb_read.v'; using path 'C:/Users/yycti/Downloads/ECE532_proj_files/camera-system-top/camera_system-master/src/hdl/sccb/sccb_read.v' instead.
WARNING: [Project 1-312] File not found as 'C:/Users/yycti/OneDrive/Documents/GitHub/camera_system-master/src/hdl/sccb/sccb_write.v'; using path 'C:/Users/yycti/Downloads/ECE532_proj_files/camera-system-top/camera_system-master/src/hdl/sccb/sccb_write.v' instead.
WARNING: [Project 1-312] File not found as 'C:/Users/yycti/OneDrive/Documents/GitHub/camera_system-master/src/hdl/hdmi/tmds_encoder.v'; using path 'C:/Users/yycti/Downloads/ECE532_proj_files/camera-system-top/camera_system-master/src/hdl/hdmi/tmds_encoder.v' instead.
WARNING: [Project 1-312] File not found as 'C:/Users/yycti/OneDrive/Documents/GitHub/camera_system-master/src/hdl/uart/uart_ctrl.v'; using path 'C:/Users/yycti/Downloads/ECE532_proj_files/camera-system-top/camera_system-master/src/hdl/uart/uart_ctrl.v' instead.
WARNING: [Project 1-312] File not found as 'C:/Users/yycti/OneDrive/Documents/GitHub/camera_system-master/src/hdl/top.v'; using path 'C:/Users/yycti/Downloads/ECE532_proj_files/camera-system-top/camera_system-master/src/hdl/top.v' instead.
CRITICAL WARNING: [Project 1-311] Could not find the file 'C:/Users/yycti/OneDrive/Documents/include_these_files/integration/verilog/Matrix_Generate_3x3_1Bit.v', nor could it be found using path 'C:/Users/yycti/Downloads/ECE532_proj_files/include_these_files/integration/verilog/Matrix_Generate_3x3_1Bit.v'.
CRITICAL WARNING: [Project 1-311] Could not find the file 'C:/Users/yycti/OneDrive/Documents/include_these_files/integration/verilog/Mini_LeNet.v', nor could it be found using path 'C:/Users/yycti/Downloads/ECE532_proj_files/include_these_files/integration/verilog/Mini_LeNet.v'.
CRITICAL WARNING: [Project 1-311] Could not find the file 'C:/Users/yycti/OneDrive/Documents/include_these_files/integration/verilog/cmos_capture_data.v', nor could it be found using path 'C:/Users/yycti/Downloads/ECE532_proj_files/include_these_files/integration/verilog/cmos_capture_data.v'.
CRITICAL WARNING: [Project 1-311] Could not find the file 'C:/Users/yycti/OneDrive/Documents/include_these_files/integration/verilog/conv1.v', nor could it be found using path 'C:/Users/yycti/Downloads/ECE532_proj_files/include_these_files/integration/verilog/conv1.v'.
CRITICAL WARNING: [Project 1-311] Could not find the file 'C:/Users/yycti/OneDrive/Documents/include_these_files/integration/verilog/conv2.v', nor could it be found using path 'C:/Users/yycti/Downloads/ECE532_proj_files/include_these_files/integration/verilog/conv2.v'.
CRITICAL WARNING: [Project 1-311] Could not find the file 'C:/Users/yycti/OneDrive/Documents/include_these_files/integration/verilog/conv2_single.v', nor could it be found using path 'C:/Users/yycti/Downloads/ECE532_proj_files/include_these_files/integration/verilog/conv2_single.v'.
CRITICAL WARNING: [Project 1-311] Could not find the file 'C:/Users/yycti/OneDrive/Documents/include_these_files/integration/verilog/dilation_detector.v', nor could it be found using path 'C:/Users/yycti/Downloads/ECE532_proj_files/include_these_files/integration/verilog/dilation_detector.v'.
CRITICAL WARNING: [Project 1-311] Could not find the file 'C:/Users/yycti/OneDrive/Documents/include_these_files/integration/verilog/erosion_detector.v', nor could it be found using path 'C:/Users/yycti/Downloads/ECE532_proj_files/include_these_files/integration/verilog/erosion_detector.v'.
CRITICAL WARNING: [Project 1-311] Could not find the file 'C:/Users/yycti/OneDrive/Documents/include_these_files/integration/verilog/imopen.v', nor could it be found using path 'C:/Users/yycti/Downloads/ECE532_proj_files/include_these_files/integration/verilog/imopen.v'.
CRITICAL WARNING: [Project 1-311] Could not find the file 'C:/Users/yycti/OneDrive/Documents/include_these_files/integration/verilog/key_debounce.v', nor could it be found using path 'C:/Users/yycti/Downloads/ECE532_proj_files/include_these_files/integration/verilog/key_debounce.v'.
CRITICAL WARNING: [Project 1-311] Could not find the file 'C:/Users/yycti/OneDrive/Documents/include_these_files/integration/verilog/linear.v', nor could it be found using path 'C:/Users/yycti/Downloads/ECE532_proj_files/include_these_files/integration/verilog/linear.v'.
CRITICAL WARNING: [Project 1-311] Could not find the file 'C:/Users/yycti/OneDrive/Documents/include_these_files/integration/verilog/maxpool.v', nor could it be found using path 'C:/Users/yycti/Downloads/ECE532_proj_files/include_these_files/integration/verilog/maxpool.v'.
CRITICAL WARNING: [Project 1-311] Could not find the file 'C:/Users/yycti/OneDrive/Documents/include_these_files/integration/verilog/predict_index.v', nor could it be found using path 'C:/Users/yycti/Downloads/ECE532_proj_files/include_these_files/integration/verilog/predict_index.v'.
CRITICAL WARNING: [Project 1-311] Could not find the file 'C:/Users/yycti/OneDrive/Documents/include_these_files/integration/verilog/reshape.v', nor could it be found using path 'C:/Users/yycti/Downloads/ECE532_proj_files/include_these_files/integration/verilog/reshape.v'.
CRITICAL WARNING: [Project 1-311] Could not find the file 'C:/Users/yycti/OneDrive/Documents/include_these_files/integration/verilog/rgb2bin_process.v', nor could it be found using path 'C:/Users/yycti/Downloads/ECE532_proj_files/include_these_files/integration/verilog/rgb2bin_process.v'.
CRITICAL WARNING: [Project 1-311] Could not find the file 'C:/Users/yycti/OneDrive/Documents/include_these_files/integration/verilog/rgb2ycbcr.v', nor could it be found using path 'C:/Users/yycti/Downloads/ECE532_proj_files/include_these_files/integration/verilog/rgb2ycbcr.v'.
CRITICAL WARNING: [Project 1-311] Could not find the file 'C:/Users/yycti/OneDrive/Documents/include_these_files/integration/verilog/shift_register_2taps_1Bit.v', nor could it be found using path 'C:/Users/yycti/Downloads/ECE532_proj_files/include_these_files/integration/verilog/shift_register_2taps_1Bit.v'.
CRITICAL WARNING: [Project 1-311] Could not find the file 'C:/Users/yycti/OneDrive/Documents/include_these_files/integration/verilog/state_machine.v', nor could it be found using path 'C:/Users/yycti/Downloads/ECE532_proj_files/include_these_files/integration/verilog/state_machine.v'.
CRITICAL WARNING: [Project 1-311] Could not find the file 'C:/Users/yycti/OneDrive/Documents/include_these_files/integration/verilog/top.v', nor could it be found using path 'C:/Users/yycti/Downloads/ECE532_proj_files/include_these_files/integration/verilog/top.v'.
CRITICAL WARNING: [Project 1-311] Could not find the file 'C:/Users/yycti/OneDrive/Documents/integration/verilog/Matrix_Generate_3x3_1Bit.v', nor could it be found using path 'C:/Users/yycti/Downloads/ECE532_proj_files/integration/verilog/Matrix_Generate_3x3_1Bit.v'.
CRITICAL WARNING: [Project 1-311] Could not find the file 'C:/Users/yycti/OneDrive/Documents/integration/verilog/Mini_LeNet.v', nor could it be found using path 'C:/Users/yycti/Downloads/ECE532_proj_files/integration/verilog/Mini_LeNet.v'.
CRITICAL WARNING: [Project 1-311] Could not find the file 'C:/Users/yycti/OneDrive/Documents/integration/verilog/cmos_capture_data.v', nor could it be found using path 'C:/Users/yycti/Downloads/ECE532_proj_files/integration/verilog/cmos_capture_data.v'.
CRITICAL WARNING: [Project 1-311] Could not find the file 'C:/Users/yycti/OneDrive/Documents/integration/verilog/conv1.v', nor could it be found using path 'C:/Users/yycti/Downloads/ECE532_proj_files/integration/verilog/conv1.v'.
CRITICAL WARNING: [Project 1-311] Could not find the file 'C:/Users/yycti/OneDrive/Documents/integration/verilog/conv2.v', nor could it be found using path 'C:/Users/yycti/Downloads/ECE532_proj_files/integration/verilog/conv2.v'.
CRITICAL WARNING: [Project 1-311] Could not find the file 'C:/Users/yycti/OneDrive/Documents/integration/verilog/conv2_single.v', nor could it be found using path 'C:/Users/yycti/Downloads/ECE532_proj_files/integration/verilog/conv2_single.v'.
CRITICAL WARNING: [Project 1-311] Could not find the file 'C:/Users/yycti/OneDrive/Documents/integration/verilog/dilation_detector.v', nor could it be found using path 'C:/Users/yycti/Downloads/ECE532_proj_files/integration/verilog/dilation_detector.v'.
CRITICAL WARNING: [Project 1-311] Could not find the file 'C:/Users/yycti/OneDrive/Documents/integration/verilog/erosion_detector.v', nor could it be found using path 'C:/Users/yycti/Downloads/ECE532_proj_files/integration/verilog/erosion_detector.v'.
CRITICAL WARNING: [Project 1-311] Could not find the file 'C:/Users/yycti/OneDrive/Documents/integration/verilog/imopen.v', nor could it be found using path 'C:/Users/yycti/Downloads/ECE532_proj_files/integration/verilog/imopen.v'.
CRITICAL WARNING: [Project 1-311] Could not find the file 'C:/Users/yycti/OneDrive/Documents/integration/verilog/key_debounce.v', nor could it be found using path 'C:/Users/yycti/Downloads/ECE532_proj_files/integration/verilog/key_debounce.v'.
CRITICAL WARNING: [Project 1-311] Could not find the file 'C:/Users/yycti/OneDrive/Documents/integration/verilog/linear.v', nor could it be found using path 'C:/Users/yycti/Downloads/ECE532_proj_files/integration/verilog/linear.v'.
CRITICAL WARNING: [Project 1-311] Could not find the file 'C:/Users/yycti/OneDrive/Documents/integration/verilog/maxpool.v', nor could it be found using path 'C:/Users/yycti/Downloads/ECE532_proj_files/integration/verilog/maxpool.v'.
CRITICAL WARNING: [Project 1-311] Could not find the file 'C:/Users/yycti/OneDrive/Documents/integration/verilog/predict_index.v', nor could it be found using path 'C:/Users/yycti/Downloads/ECE532_proj_files/integration/verilog/predict_index.v'.
CRITICAL WARNING: [Project 1-311] Could not find the file 'C:/Users/yycti/OneDrive/Documents/integration/verilog/reshape.v', nor could it be found using path 'C:/Users/yycti/Downloads/ECE532_proj_files/integration/verilog/reshape.v'.
CRITICAL WARNING: [Project 1-311] Could not find the file 'C:/Users/yycti/OneDrive/Documents/integration/verilog/shift_register_2taps_1Bit.v', nor could it be found using path 'C:/Users/yycti/Downloads/ECE532_proj_files/integration/verilog/shift_register_2taps_1Bit.v'.
CRITICAL WARNING: [Project 1-311] Could not find the file 'C:/Users/yycti/OneDrive/Documents/integration/verilog/state_machine.v', nor could it be found using path 'C:/Users/yycti/Downloads/ECE532_proj_files/integration/verilog/state_machine.v'.
CRITICAL WARNING: [Project 1-311] Could not find the file 'C:/Users/yycti/OneDrive/Documents/integration/verilog/top.v', nor could it be found using path 'C:/Users/yycti/Downloads/ECE532_proj_files/integration/verilog/top.v'.
WARNING: [Project 1-312] File not found as 'C:/Users/yycti/OneDrive/Documents/GitHub/camera_system-master/src/constraints/constraints.xdc'; using path 'C:/Users/yycti/Downloads/ECE532_proj_files/camera-system-top/camera_system-master/src/constraints/constraints.xdc' instead.
WARNING: [Project 1-312] File not found as 'C:/Users/yycti/OneDrive/tb_conv.v'; using path 'C:/Users/yycti/Downloads/tb_conv.v' instead.
WARNING: [Project 1-312] File not found as 'C:/Users/yycti/OneDrive/Documents/GitHub/camera_system-master/src/ip/ram/ram.xci'; using path 'C:/Users/yycti/Downloads/ECE532_proj_files/camera-system-top/camera_system-master/src/ip/ram/ram.xci' instead.
WARNING: [Project 1-312] File not found as 'C:/Users/yycti/OneDrive/Documents/GitHub/camera_system-master/src/ip/clk_wiz_0/clk_wiz_0.xci'; using path 'C:/Users/yycti/Downloads/ECE532_proj_files/camera-system-top/camera_system-master/src/ip/clk_wiz_0/clk_wiz_0.xci' instead.
WARNING: [Project 1-312] File not found as 'C:/Users/yycti/OneDrive/Documents/GitHub/camera_system-master/src/ip/axi_uartlite_0_1/axi_uartlite_0.xci'; using path 'C:/Users/yycti/Downloads/ECE532_proj_files/camera-system-top/camera_system-master/src/ip/axi_uartlite_0_1/axi_uartlite_0.xci' instead.
WARNING: [Project 1-312] File not found as 'C:/Users/yycti/OneDrive/Documents/GitHub/camera_system-master/src/ip/frame_buffer/frame_buffer.xci'; using path 'C:/Users/yycti/Downloads/ECE532_proj_files/camera-system-top/camera_system-master/src/ip/frame_buffer/frame_buffer.xci' instead.
WARNING: [Project 1-312] File not found as 'C:/Users/yycti/OneDrive/Documents/GitHub/camera_system-master/src/ip/fifo_generator_0/fifo_generator_0.xci'; using path 'C:/Users/yycti/Downloads/ECE532_proj_files/camera-system-top/camera_system-master/src/ip/fifo_generator_0/fifo_generator_0.xci' instead.
Scanning sources...
Finished scanning sources
WARNING: [Project 1-312] File not found as 'C:/Users/yycti/OneDrive/Documents/GitHub/camera_system-master/src/hdl/video_stream/axi2bram.v'; using path 'C:/Users/yycti/Downloads/ECE532_proj_files/camera-system-top/camera_system-master/src/hdl/video_stream/axi2bram.v' instead.
WARNING: [Project 1-312] File not found as 'C:/Users/yycti/OneDrive/Documents/GitHub/camera_system-master/src/hdl/debounce/debounce_inputs.v'; using path 'C:/Users/yycti/Downloads/ECE532_proj_files/camera-system-top/camera_system-master/src/hdl/debounce/debounce_inputs.v' instead.
WARNING: [Project 1-312] File not found as 'C:/Users/yycti/OneDrive/Documents/GitHub/camera_system-master/src/hdl/debounce/debouncer.v'; using path 'C:/Users/yycti/Downloads/ECE532_proj_files/camera-system-top/camera_system-master/src/hdl/debounce/debouncer.v' instead.
WARNING: [Project 1-312] File not found as 'C:/Users/yycti/OneDrive/Documents/GitHub/camera_system-master/src/hdl/dividers/divider_2.v'; using path 'C:/Users/yycti/Downloads/ECE532_proj_files/camera-system-top/camera_system-master/src/hdl/dividers/divider_2.v' instead.
WARNING: [Project 1-312] File not found as 'C:/Users/yycti/OneDrive/Documents/GitHub/camera_system-master/src/hdl/dividers/divider_4.v'; using path 'C:/Users/yycti/Downloads/ECE532_proj_files/camera-system-top/camera_system-master/src/hdl/dividers/divider_4.v' instead.
WARNING: [Project 1-312] File not found as 'C:/Users/yycti/OneDrive/Documents/GitHub/camera_system-master/src/hdl/video_stream/frame_read.v'; using path 'C:/Users/yycti/Downloads/ECE532_proj_files/camera-system-top/camera_system-master/src/hdl/video_stream/frame_read.v' instead.
WARNING: [Project 1-312] File not found as 'C:/Users/yycti/OneDrive/Documents/GitHub/camera_system-master/src/hdl/hdmi/hdmi_ctrl.v'; using path 'C:/Users/yycti/Downloads/ECE532_proj_files/camera-system-top/camera_system-master/src/hdl/hdmi/hdmi_ctrl.v' instead.
WARNING: [Project 1-312] File not found as 'C:/Users/yycti/OneDrive/Documents/GitHub/camera_system-master/src/hdl/hdmi/hdmi_out.v'; using path 'C:/Users/yycti/Downloads/ECE532_proj_files/camera-system-top/camera_system-master/src/hdl/hdmi/hdmi_out.v' instead.
WARNING: [Project 1-312] File not found as 'C:/Users/yycti/OneDrive/Documents/GitHub/camera_system-master/src/hdl/hls_generated/img_filter.v'; using path 'C:/Users/yycti/Downloads/ECE532_proj_files/camera-system-top/camera_system-master/src/hdl/hls_generated/img_filter.v' instead.
WARNING: [Project 1-312] File not found as 'C:/Users/yycti/OneDrive/Documents/GitHub/camera_system-master/src/hdl/hls_generated/img_filter_am_addhbi.v'; using path 'C:/Users/yycti/Downloads/ECE532_proj_files/camera-system-top/camera_system-master/src/hdl/hls_generated/img_filter_am_addhbi.v' instead.
WARNING: [Project 1-312] File not found as 'C:/Users/yycti/OneDrive/Documents/GitHub/camera_system-master/src/hdl/hls_generated/img_filter_lineBubkb.v'; using path 'C:/Users/yycti/Downloads/ECE532_proj_files/camera-system-top/camera_system-master/src/hdl/hls_generated/img_filter_lineBubkb.v' instead.
WARNING: [Project 1-312] File not found as 'C:/Users/yycti/OneDrive/Documents/GitHub/camera_system-master/src/hdl/hls_generated/img_filter_lineBucud.v'; using path 'C:/Users/yycti/Downloads/ECE532_proj_files/camera-system-top/camera_system-master/src/hdl/hls_generated/img_filter_lineBucud.v' instead.
WARNING: [Project 1-312] File not found as 'C:/Users/yycti/OneDrive/Documents/GitHub/camera_system-master/src/hdl/hls_generated/img_filter_mac_muibs.v'; using path 'C:/Users/yycti/Downloads/ECE532_proj_files/camera-system-top/camera_system-master/src/hdl/hls_generated/img_filter_mac_muibs.v' instead.
WARNING: [Project 1-312] File not found as 'C:/Users/yycti/OneDrive/Documents/GitHub/camera_system-master/src/hdl/hls_generated/img_filter_mac_mujbC.v'; using path 'C:/Users/yycti/Downloads/ECE532_proj_files/camera-system-top/camera_system-master/src/hdl/hls_generated/img_filter_mac_mujbC.v' instead.
WARNING: [Project 1-312] File not found as 'C:/Users/yycti/OneDrive/Documents/GitHub/camera_system-master/src/hdl/hls_generated/img_filter_mac_mukbM.v'; using path 'C:/Users/yycti/Downloads/ECE532_proj_files/camera-system-top/camera_system-master/src/hdl/hls_generated/img_filter_mac_mukbM.v' instead.
WARNING: [Project 1-312] File not found as 'C:/Users/yycti/OneDrive/Documents/GitHub/camera_system-master/src/hdl/hls_generated/img_filter_mul_42g8j.v'; using path 'C:/Users/yycti/Downloads/ECE532_proj_files/camera-system-top/camera_system-master/src/hdl/hls_generated/img_filter_mul_42g8j.v' instead.
WARNING: [Project 1-312] File not found as 'C:/Users/yycti/OneDrive/Documents/GitHub/camera_system-master/src/hdl/hls_generated/img_filter_mul_66fYi.v'; using path 'C:/Users/yycti/Downloads/ECE532_proj_files/camera-system-top/camera_system-master/src/hdl/hls_generated/img_filter_mul_66fYi.v' instead.
WARNING: [Project 1-312] File not found as 'C:/Users/yycti/OneDrive/Documents/GitHub/camera_system-master/src/hdl/hls_generated/img_filter_mux_83eOg.v'; using path 'C:/Users/yycti/Downloads/ECE532_proj_files/camera-system-top/camera_system-master/src/hdl/hls_generated/img_filter_mux_83eOg.v' instead.
WARNING: [Project 1-312] File not found as 'C:/Users/yycti/OneDrive/Documents/GitHub/camera_system-master/src/hdl/uart/master_axi.v'; using path 'C:/Users/yycti/Downloads/ECE532_proj_files/camera-system-top/camera_system-master/src/hdl/uart/master_axi.v' instead.
WARNING: [Project 1-312] File not found as 'C:/Users/yycti/OneDrive/Documents/GitHub/camera_system-master/src/hdl/video_stream/ov7670_init_regs.v'; using path 'C:/Users/yycti/Downloads/ECE532_proj_files/camera-system-top/camera_system-master/src/hdl/video_stream/ov7670_init_regs.v' instead.
WARNING: [Project 1-312] File not found as 'C:/Users/yycti/OneDrive/Documents/GitHub/camera_system-master/src/hdl/sccb/ov7670_read.v'; using path 'C:/Users/yycti/Downloads/ECE532_proj_files/camera-system-top/camera_system-master/src/hdl/sccb/ov7670_read.v' instead.
WARNING: [Project 1-312] File not found as 'C:/Users/yycti/OneDrive/Documents/GitHub/camera_system-master/src/hdl/video_stream/processing.v'; using path 'C:/Users/yycti/Downloads/ECE532_proj_files/camera-system-top/camera_system-master/src/hdl/video_stream/processing.v' instead.
WARNING: [Project 1-312] File not found as 'C:/Users/yycti/OneDrive/Documents/GitHub/camera_system-master/src/hdl/sccb/sccb_ctrl.v'; using path 'C:/Users/yycti/Downloads/ECE532_proj_files/camera-system-top/camera_system-master/src/hdl/sccb/sccb_ctrl.v' instead.
WARNING: [Project 1-312] File not found as 'C:/Users/yycti/OneDrive/Documents/GitHub/camera_system-master/src/hdl/sccb/sccb_read.v'; using path 'C:/Users/yycti/Downloads/ECE532_proj_files/camera-system-top/camera_system-master/src/hdl/sccb/sccb_read.v' instead.
WARNING: [Project 1-312] File not found as 'C:/Users/yycti/OneDrive/Documents/GitHub/camera_system-master/src/hdl/sccb/sccb_write.v'; using path 'C:/Users/yycti/Downloads/ECE532_proj_files/camera-system-top/camera_system-master/src/hdl/sccb/sccb_write.v' instead.
WARNING: [Project 1-312] File not found as 'C:/Users/yycti/OneDrive/Documents/GitHub/camera_system-master/src/hdl/hdmi/tmds_encoder.v'; using path 'C:/Users/yycti/Downloads/ECE532_proj_files/camera-system-top/camera_system-master/src/hdl/hdmi/tmds_encoder.v' instead.
WARNING: [Project 1-312] File not found as 'C:/Users/yycti/OneDrive/Documents/GitHub/camera_system-master/src/hdl/uart/uart_ctrl.v'; using path 'C:/Users/yycti/Downloads/ECE532_proj_files/camera-system-top/camera_system-master/src/hdl/uart/uart_ctrl.v' instead.
WARNING: [Project 1-312] File not found as 'C:/Users/yycti/OneDrive/Documents/GitHub/camera_system-master/src/hdl/top.v'; using path 'C:/Users/yycti/Downloads/ECE532_proj_files/camera-system-top/camera_system-master/src/hdl/top.v' instead.
WARNING: [Project 1-312] File not found as 'C:/Users/yycti/OneDrive/Documents/GitHub/camera_system-master/src/constraints/constraints.xdc'; using path 'C:/Users/yycti/Downloads/ECE532_proj_files/camera-system-top/camera_system-master/src/constraints/constraints.xdc' instead.
WARNING: [Project 1-312] File not found as 'C:/Users/yycti/OneDrive/Documents/GitHub/camera_system-master/src/ip/ram/ram.xci'; using path 'C:/Users/yycti/Downloads/ECE532_proj_files/camera-system-top/camera_system-master/src/ip/ram/ram.xci' instead.
WARNING: [Project 1-312] File not found as 'C:/Users/yycti/OneDrive/Documents/GitHub/camera_system-master/src/ip/ram/ram.xci'; using path 'C:/Users/yycti/Downloads/ECE532_proj_files/camera-system-top/camera_system-master/src/ip/ram/ram.xci' instead.
WARNING: [Project 1-312] File not found as 'C:/Users/yycti/OneDrive/Documents/GitHub/camera_system-master/src/ip/clk_wiz_0/clk_wiz_0.xci'; using path 'C:/Users/yycti/Downloads/ECE532_proj_files/camera-system-top/camera_system-master/src/ip/clk_wiz_0/clk_wiz_0.xci' instead.
WARNING: [Project 1-312] File not found as 'C:/Users/yycti/OneDrive/Documents/GitHub/camera_system-master/src/ip/clk_wiz_0/clk_wiz_0.xci'; using path 'C:/Users/yycti/Downloads/ECE532_proj_files/camera-system-top/camera_system-master/src/ip/clk_wiz_0/clk_wiz_0.xci' instead.
WARNING: [Project 1-312] File not found as 'C:/Users/yycti/OneDrive/Documents/GitHub/camera_system-master/src/ip/axi_uartlite_0_1/axi_uartlite_0.xci'; using path 'C:/Users/yycti/Downloads/ECE532_proj_files/camera-system-top/camera_system-master/src/ip/axi_uartlite_0_1/axi_uartlite_0.xci' instead.
WARNING: [Project 1-312] File not found as 'C:/Users/yycti/OneDrive/Documents/GitHub/camera_system-master/src/ip/axi_uartlite_0_1/axi_uartlite_0.xci'; using path 'C:/Users/yycti/Downloads/ECE532_proj_files/camera-system-top/camera_system-master/src/ip/axi_uartlite_0_1/axi_uartlite_0.xci' instead.
WARNING: [Project 1-312] File not found as 'C:/Users/yycti/OneDrive/Documents/GitHub/camera_system-master/src/ip/frame_buffer/frame_buffer.xci'; using path 'C:/Users/yycti/Downloads/ECE532_proj_files/camera-system-top/camera_system-master/src/ip/frame_buffer/frame_buffer.xci' instead.
WARNING: [Project 1-312] File not found as 'C:/Users/yycti/OneDrive/Documents/GitHub/camera_system-master/src/ip/frame_buffer/frame_buffer.xci'; using path 'C:/Users/yycti/Downloads/ECE532_proj_files/camera-system-top/camera_system-master/src/ip/frame_buffer/frame_buffer.xci' instead.
WARNING: [Project 1-312] File not found as 'C:/Users/yycti/OneDrive/Documents/GitHub/camera_system-master/src/ip/fifo_generator_0/fifo_generator_0.xci'; using path 'C:/Users/yycti/Downloads/ECE532_proj_files/camera-system-top/camera_system-master/src/ip/fifo_generator_0/fifo_generator_0.xci' instead.
WARNING: [Project 1-312] File not found as 'C:/Users/yycti/OneDrive/Documents/GitHub/camera_system-master/src/ip/fifo_generator_0/fifo_generator_0.xci'; using path 'C:/Users/yycti/Downloads/ECE532_proj_files/camera-system-top/camera_system-master/src/ip/fifo_generator_0/fifo_generator_0.xci' instead.
WARNING: [Project 1-312] File not found as 'C:/Users/yycti/OneDrive/Documents/GitHub/camera_system-master/src/hdl/video_stream/axi2bram.v'; using path 'C:/Users/yycti/Downloads/ECE532_proj_files/camera-system-top/camera_system-master/src/hdl/video_stream/axi2bram.v' instead.
WARNING: [Project 1-312] File not found as 'C:/Users/yycti/OneDrive/Documents/GitHub/camera_system-master/src/hdl/debounce/debounce_inputs.v'; using path 'C:/Users/yycti/Downloads/ECE532_proj_files/camera-system-top/camera_system-master/src/hdl/debounce/debounce_inputs.v' instead.
WARNING: [Project 1-312] File not found as 'C:/Users/yycti/OneDrive/Documents/GitHub/camera_system-master/src/hdl/debounce/debouncer.v'; using path 'C:/Users/yycti/Downloads/ECE532_proj_files/camera-system-top/camera_system-master/src/hdl/debounce/debouncer.v' instead.
WARNING: [Project 1-312] File not found as 'C:/Users/yycti/OneDrive/Documents/GitHub/camera_system-master/src/hdl/dividers/divider_2.v'; using path 'C:/Users/yycti/Downloads/ECE532_proj_files/camera-system-top/camera_system-master/src/hdl/dividers/divider_2.v' instead.
WARNING: [Project 1-312] File not found as 'C:/Users/yycti/OneDrive/Documents/GitHub/camera_system-master/src/hdl/dividers/divider_4.v'; using path 'C:/Users/yycti/Downloads/ECE532_proj_files/camera-system-top/camera_system-master/src/hdl/dividers/divider_4.v' instead.
WARNING: [Project 1-312] File not found as 'C:/Users/yycti/OneDrive/Documents/GitHub/camera_system-master/src/hdl/video_stream/frame_read.v'; using path 'C:/Users/yycti/Downloads/ECE532_proj_files/camera-system-top/camera_system-master/src/hdl/video_stream/frame_read.v' instead.
WARNING: [Project 1-312] File not found as 'C:/Users/yycti/OneDrive/Documents/GitHub/camera_system-master/src/hdl/hdmi/hdmi_ctrl.v'; using path 'C:/Users/yycti/Downloads/ECE532_proj_files/camera-system-top/camera_system-master/src/hdl/hdmi/hdmi_ctrl.v' instead.
WARNING: [Project 1-312] File not found as 'C:/Users/yycti/OneDrive/Documents/GitHub/camera_system-master/src/hdl/hdmi/hdmi_out.v'; using path 'C:/Users/yycti/Downloads/ECE532_proj_files/camera-system-top/camera_system-master/src/hdl/hdmi/hdmi_out.v' instead.
WARNING: [Project 1-312] File not found as 'C:/Users/yycti/OneDrive/Documents/GitHub/camera_system-master/src/hdl/hls_generated/img_filter.v'; using path 'C:/Users/yycti/Downloads/ECE532_proj_files/camera-system-top/camera_system-master/src/hdl/hls_generated/img_filter.v' instead.
WARNING: [Project 1-312] File not found as 'C:/Users/yycti/OneDrive/Documents/GitHub/camera_system-master/src/hdl/hls_generated/img_filter_am_addhbi.v'; using path 'C:/Users/yycti/Downloads/ECE532_proj_files/camera-system-top/camera_system-master/src/hdl/hls_generated/img_filter_am_addhbi.v' instead.
WARNING: [Project 1-312] File not found as 'C:/Users/yycti/OneDrive/Documents/GitHub/camera_system-master/src/hdl/hls_generated/img_filter_lineBubkb.v'; using path 'C:/Users/yycti/Downloads/ECE532_proj_files/camera-system-top/camera_system-master/src/hdl/hls_generated/img_filter_lineBubkb.v' instead.
WARNING: [Project 1-312] File not found as 'C:/Users/yycti/OneDrive/Documents/GitHub/camera_system-master/src/hdl/hls_generated/img_filter_lineBucud.v'; using path 'C:/Users/yycti/Downloads/ECE532_proj_files/camera-system-top/camera_system-master/src/hdl/hls_generated/img_filter_lineBucud.v' instead.
WARNING: [Project 1-312] File not found as 'C:/Users/yycti/OneDrive/Documents/GitHub/camera_system-master/src/hdl/hls_generated/img_filter_mac_muibs.v'; using path 'C:/Users/yycti/Downloads/ECE532_proj_files/camera-system-top/camera_system-master/src/hdl/hls_generated/img_filter_mac_muibs.v' instead.
WARNING: [Project 1-312] File not found as 'C:/Users/yycti/OneDrive/Documents/GitHub/camera_system-master/src/hdl/hls_generated/img_filter_mac_mujbC.v'; using path 'C:/Users/yycti/Downloads/ECE532_proj_files/camera-system-top/camera_system-master/src/hdl/hls_generated/img_filter_mac_mujbC.v' instead.
WARNING: [Project 1-312] File not found as 'C:/Users/yycti/OneDrive/Documents/GitHub/camera_system-master/src/hdl/hls_generated/img_filter_mac_mukbM.v'; using path 'C:/Users/yycti/Downloads/ECE532_proj_files/camera-system-top/camera_system-master/src/hdl/hls_generated/img_filter_mac_mukbM.v' instead.
WARNING: [Project 1-312] File not found as 'C:/Users/yycti/OneDrive/Documents/GitHub/camera_system-master/src/hdl/hls_generated/img_filter_mul_42g8j.v'; using path 'C:/Users/yycti/Downloads/ECE532_proj_files/camera-system-top/camera_system-master/src/hdl/hls_generated/img_filter_mul_42g8j.v' instead.
WARNING: [Project 1-312] File not found as 'C:/Users/yycti/OneDrive/Documents/GitHub/camera_system-master/src/hdl/hls_generated/img_filter_mul_66fYi.v'; using path 'C:/Users/yycti/Downloads/ECE532_proj_files/camera-system-top/camera_system-master/src/hdl/hls_generated/img_filter_mul_66fYi.v' instead.
WARNING: [Project 1-312] File not found as 'C:/Users/yycti/OneDrive/Documents/GitHub/camera_system-master/src/hdl/hls_generated/img_filter_mux_83eOg.v'; using path 'C:/Users/yycti/Downloads/ECE532_proj_files/camera-system-top/camera_system-master/src/hdl/hls_generated/img_filter_mux_83eOg.v' instead.
WARNING: [Project 1-312] File not found as 'C:/Users/yycti/OneDrive/Documents/GitHub/camera_system-master/src/hdl/uart/master_axi.v'; using path 'C:/Users/yycti/Downloads/ECE532_proj_files/camera-system-top/camera_system-master/src/hdl/uart/master_axi.v' instead.
WARNING: [Project 1-312] File not found as 'C:/Users/yycti/OneDrive/Documents/GitHub/camera_system-master/src/hdl/video_stream/ov7670_init_regs.v'; using path 'C:/Users/yycti/Downloads/ECE532_proj_files/camera-system-top/camera_system-master/src/hdl/video_stream/ov7670_init_regs.v' instead.
WARNING: [Project 1-312] File not found as 'C:/Users/yycti/OneDrive/Documents/GitHub/camera_system-master/src/hdl/sccb/ov7670_read.v'; using path 'C:/Users/yycti/Downloads/ECE532_proj_files/camera-system-top/camera_system-master/src/hdl/sccb/ov7670_read.v' instead.
WARNING: [Project 1-312] File not found as 'C:/Users/yycti/OneDrive/Documents/GitHub/camera_system-master/src/hdl/video_stream/processing.v'; using path 'C:/Users/yycti/Downloads/ECE532_proj_files/camera-system-top/camera_system-master/src/hdl/video_stream/processing.v' instead.
WARNING: [Project 1-312] File not found as 'C:/Users/yycti/OneDrive/Documents/GitHub/camera_system-master/src/hdl/sccb/sccb_ctrl.v'; using path 'C:/Users/yycti/Downloads/ECE532_proj_files/camera-system-top/camera_system-master/src/hdl/sccb/sccb_ctrl.v' instead.
WARNING: [Project 1-312] File not found as 'C:/Users/yycti/OneDrive/Documents/GitHub/camera_system-master/src/hdl/sccb/sccb_read.v'; using path 'C:/Users/yycti/Downloads/ECE532_proj_files/camera-system-top/camera_system-master/src/hdl/sccb/sccb_read.v' instead.
WARNING: [Project 1-312] File not found as 'C:/Users/yycti/OneDrive/Documents/GitHub/camera_system-master/src/hdl/sccb/sccb_write.v'; using path 'C:/Users/yycti/Downloads/ECE532_proj_files/camera-system-top/camera_system-master/src/hdl/sccb/sccb_write.v' instead.
WARNING: [Project 1-312] File not found as 'C:/Users/yycti/OneDrive/Documents/GitHub/camera_system-master/src/hdl/hdmi/tmds_encoder.v'; using path 'C:/Users/yycti/Downloads/ECE532_proj_files/camera-system-top/camera_system-master/src/hdl/hdmi/tmds_encoder.v' instead.
INFO: [Common 17-14] Message 'Project 1-312' appears 100 times and further instances of the messages will be disabled. Use the Tcl command set_msg_config to change the current settings.
INFO: [IP_Flow 19-234] Refreshing IP repositories
INFO: [IP_Flow 19-1704] No user IP repositories specified
INFO: [IP_Flow 19-2313] Loaded Vivado IP repository 'C:/Xilinx/Vivado/2018.3/data/ip'.
open_project: Time (s): cpu = 00:00:24 ; elapsed = 00:00:17 . Memory (MB): peak = 888.246 ; gain = 233.762
