
*** Running vivado
    with args -log shift_reg_ram_1Bit.vds -m64 -product Vivado -mode batch -messageDb vivado.pb -notrace -source shift_reg_ram_1Bit.tcl


****** Vivado v2018.3 (64-bit)
  **** SW Build 2405991 on Thu Dec  6 23:38:27 MST 2018
  **** IP Build 2404404 on Fri Dec  7 01:43:56 MST 2018
    ** Copyright 1986-2018 Xilinx, Inc. All Rights Reserved.

source shift_reg_ram_1Bit.tcl -notrace
Command: synth_design -top shift_reg_ram_1Bit -part xc7a200tsbg484-1 -mode out_of_context
Starting synth_design
Attempting to get a license for feature 'Synthesis' and/or device 'xc7a200t'
INFO: [Common 17-349] Got license for feature 'Synthesis' and/or device 'xc7a200t'
INFO: Launching helper process for spawning children vivado processes
INFO: Helper process launched with PID 21760 
---------------------------------------------------------------------------------
Starting RTL Elaboration : Time (s): cpu = 00:00:03 ; elapsed = 00:00:05 . Memory (MB): peak = 494.836 ; gain = 101.230
---------------------------------------------------------------------------------
INFO: [Synth 8-638] synthesizing module 'shift_reg_ram_1Bit' [c:/Users/nuha/Desktop/ece532_project/camera-system-top/camera_system-master/proj/camera_system.srcs/sources_1/ip/shift_reg_ram_1Bit/synth/shift_reg_ram_1Bit.vhd:68]
	Parameter C_XDEVICEFAMILY bound to: artix7 - type: string 
	Parameter C_VERBOSITY bound to: 0 - type: integer 
	Parameter C_WIDTH bound to: 1 - type: integer 
	Parameter C_DEPTH bound to: 640 - type: integer 
	Parameter C_ADDR_WIDTH bound to: 4 - type: integer 
	Parameter C_SHIFT_TYPE bound to: 0 - type: integer 
	Parameter C_OPT_GOAL bound to: 0 - type: integer 
	Parameter C_AINIT_VAL bound to: 0 - type: string 
	Parameter C_SINIT_VAL bound to: 0 - type: string 
	Parameter C_DEFAULT_DATA bound to: 0 - type: string 
	Parameter C_HAS_A bound to: 0 - type: integer 
	Parameter C_HAS_CE bound to: 1 - type: integer 
	Parameter C_REG_LAST_BIT bound to: 1 - type: integer 
	Parameter C_SYNC_PRIORITY bound to: 1 - type: integer 
	Parameter C_SYNC_ENABLE bound to: 0 - type: integer 
	Parameter C_HAS_SCLR bound to: 0 - type: integer 
	Parameter C_HAS_SSET bound to: 0 - type: integer 
	Parameter C_HAS_SINIT bound to: 0 - type: integer 
	Parameter C_MEM_INIT_FILE bound to: no_coe_file_loaded - type: string 
	Parameter C_ELABORATION_DIR bound to: ./ - type: string 
	Parameter C_READ_MIF bound to: 0 - type: integer 
	Parameter C_PARSER_TYPE bound to: 0 - type: integer 
INFO: [Synth 8-3491] module 'c_shift_ram_v12_0_12' declared at 'c:/Users/nuha/Desktop/ece532_project/camera-system-top/camera_system-master/proj/camera_system.srcs/sources_1/ip/shift_reg_ram_1Bit/hdl/c_shift_ram_v12_0_vh_rfs.vhd:2590' bound to instance 'U0' of component 'c_shift_ram_v12_0_12' [c:/Users/nuha/Desktop/ece532_project/camera-system-top/camera_system-master/proj/camera_system.srcs/sources_1/ip/shift_reg_ram_1Bit/synth/shift_reg_ram_1Bit.vhd:125]
INFO: [Synth 8-256] done synthesizing module 'shift_reg_ram_1Bit' (4#1) [c:/Users/nuha/Desktop/ece532_project/camera-system-top/camera_system-master/proj/camera_system.srcs/sources_1/ip/shift_reg_ram_1Bit/synth/shift_reg_ram_1Bit.vhd:68]
WARNING: [Synth 8-3331] design c_shift_ram_v12_0_12_legacy has unconnected port a[3]
WARNING: [Synth 8-3331] design c_shift_ram_v12_0_12_legacy has unconnected port a[2]
WARNING: [Synth 8-3331] design c_shift_ram_v12_0_12_legacy has unconnected port a[1]
WARNING: [Synth 8-3331] design c_shift_ram_v12_0_12_legacy has unconnected port a[0]
WARNING: [Synth 8-3331] design c_shift_ram_v12_0_12_legacy has unconnected port aclr
WARNING: [Synth 8-3331] design c_shift_ram_v12_0_12_legacy has unconnected port aset
WARNING: [Synth 8-3331] design c_shift_ram_v12_0_12_legacy has unconnected port ainit
WARNING: [Synth 8-3331] design c_shift_ram_v12_0_12_legacy has unconnected port sclr
WARNING: [Synth 8-3331] design c_shift_ram_v12_0_12_legacy has unconnected port sset
WARNING: [Synth 8-3331] design c_shift_ram_v12_0_12_legacy has unconnected port sinit
---------------------------------------------------------------------------------
Finished RTL Elaboration : Time (s): cpu = 00:00:07 ; elapsed = 00:00:10 . Memory (MB): peak = 567.578 ; gain = 173.973
---------------------------------------------------------------------------------

Report Check Netlist: 
+------+------------------+-------+---------+-------+------------------+
|      |Item              |Errors |Warnings |Status |Description       |
+------+------------------+-------+---------+-------+------------------+
|1     |multi_driven_nets |      0|        0|Passed |Multi driven nets |
+------+------------------+-------+---------+-------+------------------+
---------------------------------------------------------------------------------
Start Handling Custom Attributes
---------------------------------------------------------------------------------
---------------------------------------------------------------------------------
Finished Handling Custom Attributes : Time (s): cpu = 00:00:07 ; elapsed = 00:00:10 . Memory (MB): peak = 567.578 ; gain = 173.973
---------------------------------------------------------------------------------
---------------------------------------------------------------------------------
Finished RTL Optimization Phase 1 : Time (s): cpu = 00:00:07 ; elapsed = 00:00:10 . Memory (MB): peak = 567.578 ; gain = 173.973
---------------------------------------------------------------------------------
INFO: [Device 21-403] Loading part xc7a200tsbg484-1
INFO: [Project 1-570] Preparing netlist for logic optimization

Processing XDC Constraints
Initializing timing engine
Parsing XDC File [c:/Users/nuha/Desktop/ece532_project/camera-system-top/camera_system-master/proj/camera_system.srcs/sources_1/ip/shift_reg_ram_1Bit/shift_reg_ram_1Bit_ooc.xdc] for cell 'U0'
Finished Parsing XDC File [c:/Users/nuha/Desktop/ece532_project/camera-system-top/camera_system-master/proj/camera_system.srcs/sources_1/ip/shift_reg_ram_1Bit/shift_reg_ram_1Bit_ooc.xdc] for cell 'U0'
Parsing XDC File [C:/Users/nuha/Desktop/ece532_project/camera-system-top/camera_system-master/proj/camera_system.runs/shift_reg_ram_1Bit_synth_1/dont_touch.xdc]
Finished Parsing XDC File [C:/Users/nuha/Desktop/ece532_project/camera-system-top/camera_system-master/proj/camera_system.runs/shift_reg_ram_1Bit_synth_1/dont_touch.xdc]
Completed Processing XDC Constraints

Netlist sorting complete. Time (s): cpu = 00:00:00 ; elapsed = 00:00:00 . Memory (MB): peak = 933.629 ; gain = 0.000
INFO: [Project 1-111] Unisim Transformation Summary:
No Unisim elements were transformed.

Netlist sorting complete. Time (s): cpu = 00:00:00 ; elapsed = 00:00:00.001 . Memory (MB): peak = 933.723 ; gain = 0.000
Constraint Validation Runtime : Time (s): cpu = 00:00:00 ; elapsed = 00:00:00.030 . Memory (MB): peak = 935.285 ; gain = 1.656
---------------------------------------------------------------------------------
Finished Constraint Validation : Time (s): cpu = 00:00:13 ; elapsed = 00:00:37 . Memory (MB): peak = 935.285 ; gain = 541.680
---------------------------------------------------------------------------------
---------------------------------------------------------------------------------
Start Loading Part and Timing Information
---------------------------------------------------------------------------------
Loading part: xc7a200tsbg484-1
---------------------------------------------------------------------------------
Finished Loading Part and Timing Information : Time (s): cpu = 00:00:13 ; elapsed = 00:00:37 . Memory (MB): peak = 935.285 ; gain = 541.680
---------------------------------------------------------------------------------
---------------------------------------------------------------------------------
Start Applying 'set_property' XDC Constraints
---------------------------------------------------------------------------------
Applied set_property DONT_TOUCH = true for U0. (constraint file  C:/Users/nuha/Desktop/ece532_project/camera-system-top/camera_system-master/proj/camera_system.runs/shift_reg_ram_1Bit_synth_1/dont_touch.xdc, line 9).
---------------------------------------------------------------------------------
Finished applying 'set_property' XDC Constraints : Time (s): cpu = 00:00:13 ; elapsed = 00:00:38 . Memory (MB): peak = 935.285 ; gain = 541.680
---------------------------------------------------------------------------------
---------------------------------------------------------------------------------
Finished RTL Optimization Phase 2 : Time (s): cpu = 00:00:13 ; elapsed = 00:00:38 . Memory (MB): peak = 935.285 ; gain = 541.680
---------------------------------------------------------------------------------

Report RTL Partitions: 
+-+--------------+------------+----------+
| |RTL Partition |Replication |Instances |
+-+--------------+------------+----------+
+-+--------------+------------+----------+
---------------------------------------------------------------------------------
Start RTL Component Statistics 
---------------------------------------------------------------------------------
---------------------------------------------------------------------------------
Finished RTL Component Statistics 
---------------------------------------------------------------------------------
---------------------------------------------------------------------------------
Start RTL Hierarchical Component Statistics 
---------------------------------------------------------------------------------
---------------------------------------------------------------------------------
Finished RTL Hierarchical Component Statistics
---------------------------------------------------------------------------------
---------------------------------------------------------------------------------
Start Part Resource Summary
---------------------------------------------------------------------------------
Part Resources:
DSPs: 740 (col length:100)
BRAMs: 730 (col length: RAMB18 100 RAMB36 50)
---------------------------------------------------------------------------------
Finished Part Resource Summary
---------------------------------------------------------------------------------
---------------------------------------------------------------------------------
Start Cross Boundary and Area Optimization
---------------------------------------------------------------------------------
Warning: Parallel synthesis criteria is not met 
WARNING: [Synth 8-3331] design c_shift_ram_v12_0_12_legacy has unconnected port a[3]
WARNING: [Synth 8-3331] design c_shift_ram_v12_0_12_legacy has unconnected port a[2]
WARNING: [Synth 8-3331] design c_shift_ram_v12_0_12_legacy has unconnected port a[1]
WARNING: [Synth 8-3331] design c_shift_ram_v12_0_12_legacy has unconnected port a[0]
WARNING: [Synth 8-3331] design c_shift_ram_v12_0_12_legacy has unconnected port aclr
WARNING: [Synth 8-3331] design c_shift_ram_v12_0_12_legacy has unconnected port aset
WARNING: [Synth 8-3331] design c_shift_ram_v12_0_12_legacy has unconnected port ainit
WARNING: [Synth 8-3331] design c_shift_ram_v12_0_12_legacy has unconnected port sclr
WARNING: [Synth 8-3331] design c_shift_ram_v12_0_12_legacy has unconnected port sset
WARNING: [Synth 8-3331] design c_shift_ram_v12_0_12_legacy has unconnected port sinit
---------------------------------------------------------------------------------
Finished Cross Boundary and Area Optimization : Time (s): cpu = 00:00:13 ; elapsed = 00:00:38 . Memory (MB): peak = 935.285 ; gain = 541.680
---------------------------------------------------------------------------------

Report RTL Partitions: 
+-+--------------+------------+----------+
| |RTL Partition |Replication |Instances |
+-+--------------+------------+----------+
+-+--------------+------------+----------+
---------------------------------------------------------------------------------
Start Applying XDC Timing Constraints
---------------------------------------------------------------------------------
---------------------------------------------------------------------------------
Finished Applying XDC Timing Constraints : Time (s): cpu = 00:00:19 ; elapsed = 00:00:47 . Memory (MB): peak = 935.285 ; gain = 541.680
---------------------------------------------------------------------------------
---------------------------------------------------------------------------------
Start Timing Optimization
---------------------------------------------------------------------------------
---------------------------------------------------------------------------------
Finished Timing Optimization : Time (s): cpu = 00:00:19 ; elapsed = 00:00:47 . Memory (MB): peak = 935.285 ; gain = 541.680
---------------------------------------------------------------------------------

Report RTL Partitions: 
+-+--------------+------------+----------+
| |RTL Partition |Replication |Instances |
+-+--------------+------------+----------+
+-+--------------+------------+----------+
---------------------------------------------------------------------------------
Start Technology Mapping
---------------------------------------------------------------------------------
---------------------------------------------------------------------------------
Finished Technology Mapping : Time (s): cpu = 00:00:20 ; elapsed = 00:00:47 . Memory (MB): peak = 935.285 ; gain = 541.680
---------------------------------------------------------------------------------

Report RTL Partitions: 
+-+--------------+------------+----------+
| |RTL Partition |Replication |Instances |
+-+--------------+------------+----------+
+-+--------------+------------+----------+
---------------------------------------------------------------------------------
Start IO Insertion
---------------------------------------------------------------------------------
---------------------------------------------------------------------------------
Start Flattening Before IO Insertion
---------------------------------------------------------------------------------
---------------------------------------------------------------------------------
Finished Flattening Before IO Insertion
---------------------------------------------------------------------------------
---------------------------------------------------------------------------------
Start Final Netlist Cleanup
---------------------------------------------------------------------------------
---------------------------------------------------------------------------------
Finished Final Netlist Cleanup
---------------------------------------------------------------------------------
---------------------------------------------------------------------------------
Finished IO Insertion : Time (s): cpu = 00:00:20 ; elapsed = 00:00:49 . Memory (MB): peak = 935.285 ; gain = 541.680
---------------------------------------------------------------------------------

Report Check Netlist: 
+------+------------------+-------+---------+-------+------------------+
|      |Item              |Errors |Warnings |Status |Description       |
+------+------------------+-------+---------+-------+------------------+
|1     |multi_driven_nets |      0|        0|Passed |Multi driven nets |
+------+------------------+-------+---------+-------+------------------+
---------------------------------------------------------------------------------
Start Renaming Generated Instances
---------------------------------------------------------------------------------
---------------------------------------------------------------------------------
Finished Renaming Generated Instances : Time (s): cpu = 00:00:20 ; elapsed = 00:00:49 . Memory (MB): peak = 935.285 ; gain = 541.680
---------------------------------------------------------------------------------

Report RTL Partitions: 
+-+--------------+------------+----------+
| |RTL Partition |Replication |Instances |
+-+--------------+------------+----------+
+-+--------------+------------+----------+
---------------------------------------------------------------------------------
Start Rebuilding User Hierarchy
---------------------------------------------------------------------------------
---------------------------------------------------------------------------------
Finished Rebuilding User Hierarchy : Time (s): cpu = 00:00:20 ; elapsed = 00:00:49 . Memory (MB): peak = 935.285 ; gain = 541.680
---------------------------------------------------------------------------------
---------------------------------------------------------------------------------
Start Renaming Generated Ports
---------------------------------------------------------------------------------
---------------------------------------------------------------------------------
Finished Renaming Generated Ports : Time (s): cpu = 00:00:20 ; elapsed = 00:00:49 . Memory (MB): peak = 935.285 ; gain = 541.680
---------------------------------------------------------------------------------
---------------------------------------------------------------------------------
Start Handling Custom Attributes
---------------------------------------------------------------------------------
---------------------------------------------------------------------------------
Finished Handling Custom Attributes : Time (s): cpu = 00:00:20 ; elapsed = 00:00:49 . Memory (MB): peak = 935.285 ; gain = 541.680
---------------------------------------------------------------------------------
---------------------------------------------------------------------------------
Start Renaming Generated Nets
---------------------------------------------------------------------------------
---------------------------------------------------------------------------------
Finished Renaming Generated Nets : Time (s): cpu = 00:00:20 ; elapsed = 00:00:49 . Memory (MB): peak = 935.285 ; gain = 541.680
---------------------------------------------------------------------------------
---------------------------------------------------------------------------------
Start Writing Synthesis Report
---------------------------------------------------------------------------------

Report BlackBoxes: 
+-+--------------+----------+
| |BlackBox name |Instances |
+-+--------------+----------+
+-+--------------+----------+

Report Cell Usage: 
+------+--------+------+
|      |Cell    |Count |
+------+--------+------+
|1     |SRLC32E |    20|
|2     |FDRE    |     6|
+------+--------+------+
---------------------------------------------------------------------------------
Finished Writing Synthesis Report : Time (s): cpu = 00:00:20 ; elapsed = 00:00:49 . Memory (MB): peak = 935.285 ; gain = 541.680
---------------------------------------------------------------------------------
Synthesis finished with 0 errors, 0 critical warnings and 10 warnings.
Synthesis Optimization Runtime : Time (s): cpu = 00:00:09 ; elapsed = 00:00:25 . Memory (MB): peak = 935.285 ; gain = 173.973
Synthesis Optimization Complete : Time (s): cpu = 00:00:20 ; elapsed = 00:00:49 . Memory (MB): peak = 935.285 ; gain = 541.680
INFO: [Project 1-571] Translating synthesized netlist
INFO: [Project 1-570] Preparing netlist for logic optimization
INFO: [Opt 31-138] Pushed 0 inverter(s) to 0 load pin(s).
Netlist sorting complete. Time (s): cpu = 00:00:00 ; elapsed = 00:00:00 . Memory (MB): peak = 935.285 ; gain = 0.000
INFO: [Project 1-111] Unisim Transformation Summary:
No Unisim elements were transformed.

INFO: [Common 17-83] Releasing license: Synthesis
12 Infos, 20 Warnings, 0 Critical Warnings and 0 Errors encountered.
synth_design completed successfully
synth_design: Time (s): cpu = 00:00:21 ; elapsed = 00:00:51 . Memory (MB): peak = 935.285 ; gain = 553.176
Netlist sorting complete. Time (s): cpu = 00:00:00 ; elapsed = 00:00:00 . Memory (MB): peak = 935.285 ; gain = 0.000
WARNING: [Constraints 18-5210] No constraints selected for write.
Resolution: This message can indicate that there are no constraints for the design, or it can indicate that the used_in flags are set such that the constraints are ignored. This later case is used when running synth_design to not write synthesis constraints to the resulting checkpoint. Instead, project constraints are read when the synthesized design is opened.
INFO: [Common 17-1381] The checkpoint 'C:/Users/nuha/Desktop/ece532_project/camera-system-top/camera_system-master/proj/camera_system.runs/shift_reg_ram_1Bit_synth_1/shift_reg_ram_1Bit.dcp' has been generated.
INFO: [Coretcl 2-1648] Added synthesis output to IP cache for IP shift_reg_ram_1Bit, cache-ID = 5b24427bd246aea5
INFO: [Coretcl 2-1174] Renamed 3 cell refs.
Netlist sorting complete. Time (s): cpu = 00:00:00 ; elapsed = 00:00:00 . Memory (MB): peak = 937.656 ; gain = 0.000
WARNING: [Constraints 18-5210] No constraints selected for write.
Resolution: This message can indicate that there are no constraints for the design, or it can indicate that the used_in flags are set such that the constraints are ignored. This later case is used when running synth_design to not write synthesis constraints to the resulting checkpoint. Instead, project constraints are read when the synthesized design is opened.
INFO: [Common 17-1381] The checkpoint 'C:/Users/nuha/Desktop/ece532_project/camera-system-top/camera_system-master/proj/camera_system.runs/shift_reg_ram_1Bit_synth_1/shift_reg_ram_1Bit.dcp' has been generated.
INFO: [runtcl-4] Executing : report_utilization -file shift_reg_ram_1Bit_utilization_synth.rpt -pb shift_reg_ram_1Bit_utilization_synth.pb
INFO: [Common 17-206] Exiting Vivado at Sun Mar 24 18:33:31 2024...
